<?xml version="1.0" encoding="UTF-8"?>
<Site BuildName="Linux-x86_64-linux-gnu-g++-9"
	BuildStamp="20211210-1659-Experimental"
	Name="xtian-pc"
	Generator="ctest-3.16.3"
	CompilerName="/bin/x86_64-linux-gnu-g++-9"
	CompilerVersion="9.3.0"
	OSName="Linux"
	Hostname="xtian-pc"
	OSRelease="5.11.0-41-generic"
	OSVersion="#45~20.04.1-Ubuntu SMP Wed Nov 10 10:20:10 UTC 2021"
	OSPlatform="x86_64"
	Is64Bits="1"
	VendorString="AuthenticAMD"
	VendorID="Advanced Micro Devices"
	FamilyID="23"
	ModelID="113"
	ProcessorCacheSize="512"
	NumberOfLogicalCPU="12"
	NumberOfPhysicalCPU="6"
	TotalVirtualMemory="3565"
	TotalPhysicalMemory="15918"
	LogicalProcessorsPerPhysical="2"
	ProcessorClockFrequency="2200"
	>
	<Testing>
		<StartDateTime>Dec 10 13:59 -03</StartDateTime>
		<StartTestTime>1639155582</StartTestTime>
		<TestList/>
		<EndDateTime>Dec 10 13:59 -03</EndDateTime>
		<EndTestTime>1639155582</EndTestTime>
		<ElapsedMinutes>0</ElapsedMinutes>
	</Testing>
</Site>
